<?xml version="1.0" encoding="UTF-8" standalone="yes"?><!DOCTYPE report PUBLIC "-//JACOCO//DTD Report 1.1//EN" "report.dtd"><report name="labo4"><sessioninfo id="WIN-PF561CJV-8d3ddf85" start="1747430907920" dump="1747430910343"/><sessioninfo id="WIN-PF561CJV-11d0b949" start="1747486252174" dump="1747486253938"/><sessioninfo id="WIN-PF561CJV-1ffbd790" start="1747486827494" dump="1747486829197"/><sessioninfo id="WIN-PF561CJV-fe5e5634" start="1747486915582" dump="1747486917523"/><sessioninfo id="WIN-PF561CJV-e27b5b7f" start="1747487019018" dump="1747487020991"/><sessioninfo id="WIN-PF561CJV-a8de787c" start="1747487359753" dump="1747487361048"/><sessioninfo id="WIN-PF561CJV-85761dbb" start="1747487612645" dump="1747487613714"/><sessioninfo id="WIN-PF561CJV-6b76e471" start="1747488423356" dump="1747488434530"/><sessioninfo id="WIN-PF561CJV-ba091cea" start="1747488441268" dump="1747488618310"/><sessioninfo id="WIN-PF561CJV-1f99339" start="1747488625783" dump="1747488626805"/><sessioninfo id="WIN-PF561CJV-48a69982" start="1747488670790" dump="1747488676655"/><sessioninfo id="WIN-PF561CJV-c9a27082" start="1747488704499" dump="1747488705511"/><sessioninfo id="WIN-PF561CJV-255e89d1" start="1747488791456" dump="1747488792656"/><sessioninfo id="WIN-PF561CJV-d5b93540" start="1747489051999" dump="1747489145649"/><sessioninfo id="WIN-PF561CJV-b07b4509" start="1747489152410" dump="1747489153471"/><sessioninfo id="WIN-PF561CJV-669fe7c5" start="1747489232658" dump="1747489233750"/><sessioninfo id="WIN-PF561CJV-6f1736cd" start="1747489371493" dump="1747489372614"/><sessioninfo id="WIN-PF561CJV-428ee48f" start="1747489394896" dump="1747489395969"/><sessioninfo id="WIN-PF561CJV-4fadb7a6" start="1747489663934" dump="1747489665232"/><sessioninfo id="WIN-PF561CJV-f6aabe3e" start="1747489717762" dump="1747489718762"/><sessioninfo id="WIN-PF561CJV-d91aa667" start="1747489750434" dump="1747489751757"/><sessioninfo id="WIN-PF561CJV-a776db2f" start="1747489768449" dump="1747489769513"/><sessioninfo id="WIN-PF561CJV-1a1e83e" start="1747489821053" dump="1747489822319"/><sessioninfo id="WIN-PF561CJV-ae105edf" start="1747490511989" dump="1747490512966"/><sessioninfo id="WIN-PF561CJV-808d047b" start="1747490569926" dump="1747490587294"/><sessioninfo id="WIN-PF561CJV-2d1d4967" start="1747490593185" dump="1747490597050"/><sessioninfo id="WIN-PF561CJV-3d3cd10e" start="1747490910909" dump="1747490914189"/><sessioninfo id="WIN-PF561CJV-743e1a5d" start="1747490938038" dump="1747490941356"/><sessioninfo id="WIN-PF561CJV-c6558be6" start="1747491050617" dump="1747491051576"/><sessioninfo id="WIN-PF561CJV-e640571" start="1747492071367" dump="1747492075238"/><sessioninfo id="WIN-PF561CJV-f7252a65" start="1747493428731" dump="1747493430034"/><sessioninfo id="WIN-PF561CJV-e664e1ef" start="1747494061974" dump="1747494063229"/><sessioninfo id="WIN-PF561CJV-42a3b4f1" start="1747494130866" dump="1747494132152"/><sessioninfo id="WIN-PF561CJV-1f0d9a69" start="1747494236195" dump="1747494237562"/><sessioninfo id="WIN-PF561CJV-e9c1658c" start="1747494264723" dump="1747494265763"/><sessioninfo id="WIN-PF561CJV-cfb55801" start="1747494328237" dump="1747494329604"/><sessioninfo id="WIN-PF561CJV-a89bac17" start="1747494363590" dump="1747494364759"/><sessioninfo id="WIN-PF561CJV-20960623" start="1747494440136" dump="1747494441315"/><sessioninfo id="WIN-PF561CJV-7a48eb8a" start="1747494509596" dump="1747494510769"/><sessioninfo id="WIN-PF561CJV-f1d9d73c" start="1747494845848" dump="1747494847025"/><sessioninfo id="WIN-PF561CJV-8da73513" start="1747495007731" dump="1747495008844"/><sessioninfo id="WIN-PF561CJV-c492528" start="1747495229643" dump="1747495230628"/><sessioninfo id="WIN-PF561CJV-450e4a70" start="1747495259735" dump="1747495260928"/><sessioninfo id="WIN-PF561CJV-1acf9c7a" start="1747495669423" dump="1747495670724"/><sessioninfo id="WIN-PF561CJV-6f8e2324" start="1747495711398" dump="1747495712347"/><sessioninfo id="WIN-PF561CJV-86529fb0" start="1747495889197" dump="1747495894828"/><sessioninfo id="WIN-PF561CJV-d64c083f" start="1747496041732" dump="1747496045677"/><sessioninfo id="WIN-PF561CJV-19868579" start="1747496071101" dump="1747496072089"/><sessioninfo id="WIN-PF561CJV-38141d42" start="1747496172284" dump="1747496173406"/><sessioninfo id="WIN-PF561CJV-aabb9330" start="1747496583863" dump="1747496584759"/><sessioninfo id="WIN-PF561CJV-e8cfe994" start="1747496667785" dump="1747496668990"/><sessioninfo id="WIN-PF561CJV-26f927f5" start="1747496782934" dump="1747496783874"/><sessioninfo id="WIN-PF561CJV-ce03df11" start="1747496796728" dump="1747496797702"/><sessioninfo id="WIN-PF561CJV-e97381f3" start="1747496926650" dump="1747496927871"/><sessioninfo id="WIN-PF561CJV-4f84b258" start="1747497068470" dump="1747497069688"/><sessioninfo id="WIN-PF561CJV-a728b44d" start="1747497085579" dump="1747497086578"/><sessioninfo id="WIN-PF561CJV-31154b78" start="1747497472341" dump="1747497473281"/><sessioninfo id="WIN-PF561CJV-8e5b6400" start="1747497494850" dump="1747497495785"/><sessioninfo id="WIN-PF561CJV-c6fecb87" start="1747497509283" dump="1747497510212"/><sessioninfo id="WIN-PF561CJV-8c4b41ed" start="1747497595941" dump="1747497596856"/><sessioninfo id="WIN-PF561CJV-d336d6d3" start="1747497619732" dump="1747497620962"/><sessioninfo id="WIN-PF561CJV-edd719b1" start="1747519778904" dump="1747519780086"/><sessioninfo id="WIN-PF561CJV-c994383e" start="1747520524378" dump="1747520525508"/><sessioninfo id="WIN-PF561CJV-3f1b38e7" start="1747520677886" dump="1747520679020"/><sessioninfo id="WIN-PF561CJV-84c92517" start="1747520899406" dump="1747520900560"/><sessioninfo id="WIN-PF561CJV-7aab769a" start="1747585664934" dump="1747585665970"/><sessioninfo id="WIN-PF561CJV-ae63ef8e" start="1747586007322" dump="1747586008529"/><sessioninfo id="WIN-PF561CJV-8630ab4d" start="1747586070091" dump="1747586071187"/><sessioninfo id="WIN-PF561CJV-f3a98be4" start="1747586258380" dump="1747586259392"/><sessioninfo id="WIN-PF561CJV-e8124bd" start="1747586892021" dump="1747586892928"/><sessioninfo id="WIN-PF561CJV-96ecab18" start="1747586958558" dump="1747586959585"/><sessioninfo id="WIN-PF561CJV-f7de0cc9" start="1747589795905" dump="1747589802860"/><sessioninfo id="WIN-PF561CJV-5aff9de0" start="1747589840954" dump="1747589843530"/><sessioninfo id="WIN-PF561CJV-e692a38a" start="1747590021776" dump="1747590025033"/><sessioninfo id="WIN-PF561CJV-755bd1a3" start="1747590737644" dump="1747590738689"/><sessioninfo id="WIN-PF561CJV-5cdc4609" start="1747590752415" dump="1747590761190"/><sessioninfo id="WIN-PF561CJV-f77da4a9" start="1747590777897" dump="1747590778889"/><sessioninfo id="WIN-PF561CJV-6610d5a8" start="1747590806701" dump="1747590817035"/><sessioninfo id="WIN-PF561CJV-9e98033f" start="1747590887534" dump="1747590899056"/><sessioninfo id="WIN-PF561CJV-cd0d3632" start="1747590947433" dump="1747590959478"/><sessioninfo id="WIN-PF561CJV-cc6b7529" start="1747591646180" dump="1747591647180"/><sessioninfo id="WIN-PF561CJV-569d6c7" start="1747840018122" dump="1747840020563"/><sessioninfo id="WIN-PF561CJV-8b39a5b" start="1747843159267" dump="1747843160292"/><sessioninfo id="WIN-PF561CJV-741eb758" start="1747843184771" dump="1747843185888"/><sessioninfo id="WIN-PF561CJV-9b945355" start="1747843614993" dump="1747843616204"/><sessioninfo id="WIN-PF561CJV-704edfc1" start="1747844331854" dump="1747844334168"/><sessioninfo id="WIN-PF561CJV-40176d3" start="1747844381018" dump="1747844382699"/><sessioninfo id="WIN-PF561CJV-b79cf7f1" start="1747844435194" dump="1747844436661"/><sessioninfo id="WIN-PF561CJV-181ed24" start="1747844558747" dump="1747844560185"/><sessioninfo id="WIN-PF561CJV-9d8472bc" start="1747846349445" dump="1747846351562"/><sessioninfo id="WIN-PF561CJV-52f3aaa1" start="1747846370124" dump="1747846372503"/><sessioninfo id="WIN-PF561CJV-4c63caa5" start="1747846470134" dump="1747846471830"/><sessioninfo id="WIN-PF561CJV-71d06013" start="1747846953123" dump="1747846955305"/><package name="aed"><class name="aed/Conjunto" sourcefilename="Conjunto.java"/><class name="aed/ABB$ABB_Iterador" sourcefilename="ABB.java"><method name="&lt;init&gt;" desc="(Laed/ABB;)V" line="159"><counter type="INSTRUCTION" missed="0" covered="27"/><counter type="BRANCH" missed="1" covered="3"/><counter type="LINE" missed="0" covered="7"/><counter type="COMPLEXITY" missed="1" covered="2"/><counter type="METHOD" missed="0" covered="1"/></method><method name="haySiguiente" desc="()Z" line="172"><counter type="INSTRUCTION" missed="2" covered="5"/><counter type="BRANCH" missed="1" covered="1"/><counter type="LINE" missed="0" covered="1"/><counter type="COMPLEXITY" missed="1" covered="1"/><counter type="METHOD" missed="0" covered="1"/></method><method name="siguiente" desc="()Ljava/lang/Comparable;" line="178"><counter type="INSTRUCTION" missed="2" covered="50"/><counter type="BRANCH" missed="1" covered="9"/><counter type="LINE" missed="1" covered="13"/><counter type="COMPLEXITY" missed="1" covered="5"/><counter type="METHOD" missed="0" covered="1"/></method><counter type="INSTRUCTION" missed="4" covered="82"/><counter type="BRANCH" missed="3" covered="13"/><counter type="LINE" missed="1" covered="21"/><counter type="COMPLEXITY" missed="3" covered="8"/><counter type="METHOD" missed="0" covered="3"/><counter type="CLASS" missed="0" covered="1"/></class><class name="aed/ABB$Nodo" sourcefilename="ABB.java"><method name="&lt;init&gt;" desc="(Laed/ABB;Ljava/lang/Comparable;)V" line="14"><counter type="INSTRUCTION" missed="0" covered="18"/><counter type="LINE" missed="0" covered="6"/><counter type="COMPLEXITY" missed="0" covered="1"/><counter type="METHOD" missed="0" covered="1"/></method><counter type="INSTRUCTION" missed="0" covered="18"/><counter type="LINE" missed="0" covered="6"/><counter type="COMPLEXITY" missed="0" covered="1"/><counter type="METHOD" missed="0" covered="1"/><counter type="CLASS" missed="0" covered="1"/></class><class name="aed/Iterador" sourcefilename="Iterador.java"/><class name="aed/ABB" sourcefilename="ABB.java"><method name="&lt;init&gt;" desc="()V" line="22"><counter type="INSTRUCTION" missed="0" covered="12"/><counter type="LINE" missed="0" covered="5"/><counter type="COMPLEXITY" missed="0" covered="1"/><counter type="METHOD" missed="0" covered="1"/></method><method name="cardinal" desc="()I" line="29"><counter type="INSTRUCTION" missed="0" covered="3"/><counter type="LINE" missed="0" covered="1"/><counter type="COMPLEXITY" missed="0" covered="1"/><counter type="METHOD" missed="0" covered="1"/></method><method name="minimo" desc="()Ljava/lang/Comparable;" line="33"><counter type="INSTRUCTION" missed="2" covered="26"/><counter type="BRANCH" missed="1" covered="5"/><counter type="LINE" missed="1" covered="8"/><counter type="COMPLEXITY" missed="1" covered="3"/><counter type="METHOD" missed="0" covered="1"/></method><method name="maximo" desc="()Ljava/lang/Comparable;" line="48"><counter type="INSTRUCTION" missed="2" covered="26"/><counter type="BRANCH" missed="1" covered="5"/><counter type="LINE" missed="1" covered="8"/><counter type="COMPLEXITY" missed="1" covered="3"/><counter type="METHOD" missed="0" covered="1"/></method><method name="insertar" desc="(Ljava/lang/Comparable;)V" line="63"><counter type="INSTRUCTION" missed="0" covered="9"/><counter type="LINE" missed="0" covered="2"/><counter type="COMPLEXITY" missed="0" covered="1"/><counter type="METHOD" missed="0" covered="1"/></method><method name="insertarAux" desc="(Laed/ABB$Nodo;Ljava/lang/Comparable;Laed/ABB$Nodo;)Laed/ABB$Nodo;" line="66"><counter type="INSTRUCTION" missed="0" covered="48"/><counter type="BRANCH" missed="0" covered="6"/><counter type="LINE" missed="0" covered="10"/><counter type="COMPLEXITY" missed="0" covered="4"/><counter type="METHOD" missed="0" covered="1"/></method><method name="pertenece" desc="(Ljava/lang/Comparable;)Z" line="81"><counter type="INSTRUCTION" missed="0" covered="26"/><counter type="BRANCH" missed="0" covered="6"/><counter type="LINE" missed="0" covered="10"/><counter type="COMPLEXITY" missed="0" covered="4"/><counter type="METHOD" missed="0" covered="1"/></method><method name="eliminar" desc="(Ljava/lang/Comparable;)V" line="96"><counter type="INSTRUCTION" missed="0" covered="8"/><counter type="LINE" missed="0" covered="2"/><counter type="COMPLEXITY" missed="0" covered="1"/><counter type="METHOD" missed="0" covered="1"/></method><method name="eliminarAux" desc="(Laed/ABB$Nodo;Ljava/lang/Comparable;)Laed/ABB$Nodo;" line="100"><counter type="INSTRUCTION" missed="2" covered="77"/><counter type="BRANCH" missed="1" covered="11"/><counter type="LINE" missed="1" covered="17"/><counter type="COMPLEXITY" missed="1" covered="6"/><counter type="METHOD" missed="0" covered="1"/></method><method name="hijo" desc="(Laed/ABB$Nodo;)Ljava/lang/Comparable;" line="123"><counter type="INSTRUCTION" missed="0" covered="13"/><counter type="BRANCH" missed="0" covered="2"/><counter type="LINE" missed="0" covered="4"/><counter type="COMPLEXITY" missed="0" covered="2"/><counter type="METHOD" missed="0" covered="1"/></method><method name="padre" desc="(Laed/ABB$Nodo;)Ljava/lang/Comparable;" line="130"><counter type="INSTRUCTION" missed="0" covered="13"/><counter type="BRANCH" missed="0" covered="2"/><counter type="LINE" missed="0" covered="4"/><counter type="COMPLEXITY" missed="0" covered="2"/><counter type="METHOD" missed="0" covered="1"/></method><method name="toString" desc="()Ljava/lang/String;" line="138"><counter type="INSTRUCTION" missed="0" covered="15"/><counter type="LINE" missed="0" covered="2"/><counter type="COMPLEXITY" missed="0" covered="1"/><counter type="METHOD" missed="0" covered="1"/></method><method name="toStrAux" desc="(Laed/ABB$Nodo;)Ljava/lang/String;" line="142"><counter type="INSTRUCTION" missed="0" covered="45"/><counter type="BRANCH" missed="0" covered="6"/><counter type="LINE" missed="0" covered="11"/><counter type="COMPLEXITY" missed="0" covered="4"/><counter type="METHOD" missed="0" covered="1"/></method><method name="iterador" desc="()Laed/Iterador;" line="202"><counter type="INSTRUCTION" missed="0" covered="5"/><counter type="LINE" missed="0" covered="1"/><counter type="COMPLEXITY" missed="0" covered="1"/><counter type="METHOD" missed="0" covered="1"/></method><counter type="INSTRUCTION" missed="6" covered="326"/><counter type="BRANCH" missed="3" covered="43"/><counter type="LINE" missed="3" covered="85"/><counter type="COMPLEXITY" missed="3" covered="34"/><counter type="METHOD" missed="0" covered="14"/><counter type="CLASS" missed="0" covered="1"/></class><sourcefile name="Conjunto.java"/><sourcefile name="ABB.java"><line nr="14" mi="0" ci="5" mb="0" cb="0"/><line nr="15" mi="0" ci="3" mb="0" cb="0"/><line nr="16" mi="0" ci="3" mb="0" cb="0"/><line nr="17" mi="0" ci="3" mb="0" cb="0"/><line nr="18" mi="0" ci="3" mb="0" cb="0"/><line nr="19" mi="0" ci="1" mb="0" cb="0"/><line nr="22" mi="0" ci="2" mb="0" cb="0"/><line nr="23" mi="0" ci="3" mb="0" cb="0"/><line nr="24" mi="0" ci="3" mb="0" cb="0"/><line nr="25" mi="0" ci="3" mb="0" cb="0"/><line nr="26" mi="0" ci="1" mb="0" cb="0"/><line nr="29" mi="0" ci="3" mb="0" cb="0"/><line nr="33" mi="0" ci="3" mb="1" cb="1"/><line nr="34" mi="2" ci="0" mb="0" cb="0"/><line nr="36" mi="0" ci="4" mb="0" cb="0"/><line nr="37" mi="0" ci="3" mb="0" cb="0"/><line nr="38" mi="0" ci="3" mb="0" cb="2"/><line nr="39" mi="0" ci="5" mb="0" cb="2"/><line nr="40" mi="0" ci="3" mb="0" cb="0"/><line nr="42" mi="0" ci="3" mb="0" cb="0"/><line nr="44" mi="0" ci="2" mb="0" cb="0"/><line nr="48" mi="0" ci="3" mb="1" cb="1"/><line nr="49" mi="2" ci="0" mb="0" cb="0"/><line nr="51" mi="0" ci="4" mb="0" cb="0"/><line nr="52" mi="0" ci="3" mb="0" cb="0"/><line nr="53" mi="0" ci="3" mb="0" cb="2"/><line nr="54" mi="0" ci="5" mb="0" cb="2"/><line nr="55" mi="0" ci="3" mb="0" cb="0"/><line nr="57" mi="0" ci="3" mb="0" cb="0"/><line nr="59" mi="0" ci="2" mb="0" cb="0"/><line nr="63" mi="0" ci="8" mb="0" cb="0"/><line nr="64" mi="0" ci="1" mb="0" cb="0"/><line nr="66" mi="0" ci="2" mb="0" cb="2"/><line nr="67" mi="0" ci="6" mb="0" cb="0"/><line nr="68" mi="0" ci="3" mb="0" cb="0"/><line nr="69" mi="0" ci="6" mb="0" cb="0"/><line nr="70" mi="0" ci="2" mb="0" cb="0"/><line nr="71" mi="0" ci="5" mb="0" cb="2"/><line nr="72" mi="0" ci="8" mb="0" cb="0"/><line nr="73" mi="0" ci="6" mb="0" cb="2"/><line nr="74" mi="0" ci="8" mb="0" cb="0"/><line nr="77" mi="0" ci="2" mb="0" cb="0"/><line nr="81" mi="0" ci="3" mb="0" cb="0"/><line nr="82" mi="0" ci="3" mb="0" cb="2"/><line nr="83" mi="0" ci="5" mb="0" cb="0"/><line nr="84" mi="0" ci="2" mb="0" cb="2"/><line nr="85" mi="0" ci="2" mb="0" cb="0"/><line nr="86" mi="0" ci="2" mb="0" cb="2"/><line nr="87" mi="0" ci="3" mb="0" cb="0"/><line nr="88" mi="0" ci="1" mb="0" cb="0"/><line nr="89" mi="0" ci="3" mb="0" cb="0"/><line nr="92" mi="0" ci="2" mb="0" cb="0"/><line nr="96" mi="0" ci="7" mb="0" cb="0"/><line nr="97" mi="0" ci="1" mb="0" cb="0"/><line nr="100" mi="0" ci="2" mb="0" cb="0"/><line nr="102" mi="0" ci="2" mb="1" cb="1"/><line nr="103" mi="2" ci="0" mb="0" cb="0"/><line nr="104" mi="0" ci="5" mb="0" cb="2"/><line nr="105" mi="0" ci="7" mb="0" cb="0"/><line nr="106" mi="0" ci="6" mb="0" cb="2"/><line nr="107" mi="0" ci="7" mb="0" cb="0"/><line nr="108" mi="0" ci="1" mb="0" cb="0"/><line nr="109" mi="0" ci="6" mb="0" cb="4"/><line nr="110" mi="0" ci="6" mb="0" cb="0"/><line nr="111" mi="0" ci="2" mb="0" cb="0"/><line nr="112" mi="0" ci="4" mb="0" cb="2"/><line nr="113" mi="0" ci="5" mb="0" cb="0"/><line nr="114" mi="0" ci="8" mb="0" cb="0"/><line nr="115" mi="0" ci="1" mb="0" cb="0"/><line nr="116" mi="0" ci="5" mb="0" cb="0"/><line nr="117" mi="0" ci="8" mb="0" cb="0"/><line nr="120" mi="0" ci="2" mb="0" cb="0"/><line nr="123" mi="0" ci="3" mb="0" cb="0"/><line nr="124" mi="0" ci="4" mb="0" cb="2"/><line nr="125" mi="0" ci="3" mb="0" cb="0"/><line nr="127" mi="0" ci="3" mb="0" cb="0"/><line nr="130" mi="0" ci="3" mb="0" cb="0"/><line nr="131" mi="0" ci="4" mb="0" cb="2"/><line nr="132" mi="0" ci="3" mb="0" cb="0"/><line nr="134" mi="0" ci="3" mb="0" cb="0"/><line nr="138" mi="0" ci="5" mb="0" cb="0"/><line nr="139" mi="0" ci="10" mb="0" cb="0"/><line nr="142" mi="0" ci="2" mb="0" cb="2"/><line nr="143" mi="0" ci="2" mb="0" cb="0"/><line nr="145" mi="0" ci="4" mb="0" cb="0"/><line nr="146" mi="0" ci="5" mb="0" cb="0"/><line nr="147" mi="0" ci="3" mb="0" cb="2"/><line nr="148" mi="0" ci="6" mb="0" cb="0"/><line nr="150" mi="0" ci="6" mb="0" cb="0"/><line nr="151" mi="0" ci="5" mb="0" cb="0"/><line nr="152" mi="0" ci="3" mb="0" cb="2"/><line nr="153" mi="0" ci="6" mb="0" cb="0"/><line nr="155" mi="0" ci="3" mb="0" cb="0"/><line nr="159" mi="0" ci="4" mb="0" cb="0"/><line nr="161" mi="0" ci="5" mb="0" cb="0"/><line nr="162" mi="0" ci="4" mb="0" cb="0"/><line nr="163" mi="0" ci="3" mb="1" cb="1"/><line nr="164" mi="0" ci="5" mb="0" cb="2"/><line nr="165" mi="0" ci="5" mb="0" cb="0"/><line nr="168" mi="0" ci="1" mb="0" cb="0"/><line nr="172" mi="2" ci="5" mb="1" cb="1"/><line nr="178" mi="0" ci="3" mb="1" cb="1"/><line nr="179" mi="2" ci="0" mb="0" cb="0"/><line nr="182" mi="0" ci="4" mb="0" cb="0"/><line nr="184" mi="0" ci="4" mb="0" cb="2"/><line nr="185" mi="0" ci="5" mb="0" cb="0"/><line nr="186" mi="0" ci="5" mb="0" cb="2"/><line nr="187" mi="0" ci="5" mb="0" cb="0"/><line nr="189" mi="0" ci="1" mb="0" cb="0"/><line nr="190" mi="0" ci="4" mb="0" cb="0"/><line nr="191" mi="0" ci="8" mb="0" cb="4"/><line nr="192" mi="0" ci="3" mb="0" cb="0"/><line nr="193" mi="0" ci="3" mb="0" cb="0"/><line nr="195" mi="0" ci="3" mb="0" cb="0"/><line nr="197" mi="0" ci="2" mb="0" cb="0"/><line nr="202" mi="0" ci="5" mb="0" cb="0"/><counter type="INSTRUCTION" missed="10" covered="426"/><counter type="BRANCH" missed="6" covered="56"/><counter type="LINE" missed="4" covered="112"/><counter type="COMPLEXITY" missed="6" covered="43"/><counter type="METHOD" missed="0" covered="18"/><counter type="CLASS" missed="0" covered="3"/></sourcefile><sourcefile name="Iterador.java"/><counter type="INSTRUCTION" missed="10" covered="426"/><counter type="BRANCH" missed="6" covered="56"/><counter type="LINE" missed="4" covered="112"/><counter type="COMPLEXITY" missed="6" covered="43"/><counter type="METHOD" missed="0" covered="18"/><counter type="CLASS" missed="0" covered="3"/></package><counter type="INSTRUCTION" missed="10" covered="426"/><counter type="BRANCH" missed="6" covered="56"/><counter type="LINE" missed="4" covered="112"/><counter type="COMPLEXITY" missed="6" covered="43"/><counter type="METHOD" missed="0" covered="18"/><counter type="CLASS" missed="0" covered="3"/></report>