<?xml version="1.0" encoding="UTF-8" standalone="yes"?><!DOCTYPE report PUBLIC "-//JACOCO//DTD Report 1.1//EN" "report.dtd"><report name="labo4"><sessioninfo id="WIN-PF561CJV-6b3c56bd" start="1745674371810" dump="1745674374440"/><sessioninfo id="WIN-PF561CJV-20de8016" start="1745674789273" dump="1745674790716"/><sessioninfo id="WIN-PF561CJV-f6e8204c" start="1745675035405" dump="1745675036572"/><sessioninfo id="WIN-PF561CJV-7fd30663" start="1745676369785" dump="1745676370722"/><sessioninfo id="WIN-PF561CJV-481bb4b1" start="1745677207071" dump="1745677208231"/><sessioninfo id="WIN-PF561CJV-6877a506" start="1745678253005" dump="1745678254150"/><sessioninfo id="WIN-PF561CJV-ee74a085" start="1745678313627" dump="1745678314722"/><sessioninfo id="WIN-PF561CJV-518c2aff" start="1745678585118" dump="1745678586382"/><sessioninfo id="WIN-PF561CJV-b8306878" start="1745678618035" dump="1745678619147"/><sessioninfo id="WIN-PF561CJV-add74829" start="1745678734892" dump="1745678735972"/><sessioninfo id="WIN-PF561CJV-51f0a196" start="1745678840869" dump="1745678841927"/><sessioninfo id="WIN-PF561CJV-487ecc48" start="1745678995053" dump="1745678996108"/><sessioninfo id="WIN-PF561CJV-abd74a29" start="1745679205858" dump="1745679206824"/><sessioninfo id="WIN-PF561CJV-7aa105a9" start="1745679433767" dump="1745679434706"/><sessioninfo id="WIN-PF561CJV-ba0b4d00" start="1745679566471" dump="1745679567438"/><sessioninfo id="WIN-PF561CJV-3940cc59" start="1745679619036" dump="1745679619990"/><sessioninfo id="WIN-PF561CJV-a6b4fdab" start="1745679746232" dump="1745679747313"/><sessioninfo id="WIN-PF561CJV-f4928ec" start="1745680032921" dump="1745680034167"/><sessioninfo id="WIN-PF561CJV-8ce404d6" start="1745680431288" dump="1745680432375"/><sessioninfo id="WIN-PF561CJV-d8797ece" start="1745680534707" dump="1745680536375"/><sessioninfo id="WIN-PF561CJV-bafa6e55" start="1745680712447" dump="1745680713917"/><sessioninfo id="WIN-PF561CJV-5e699ed9" start="1745680762269" dump="1745680763318"/><sessioninfo id="WIN-PF561CJV-60cab8ab" start="1745680779720" dump="1745680780927"/><sessioninfo id="WIN-PF561CJV-5096009c" start="1745681057493" dump="1745681058744"/><sessioninfo id="WIN-PF561CJV-f2969fc" start="1745681069110" dump="1745681070470"/><sessioninfo id="WIN-PF561CJV-448a43ca" start="1745681106225" dump="1745681107537"/><sessioninfo id="WIN-PF561CJV-22285f23" start="1745681437303" dump="1745681438523"/><sessioninfo id="WIN-PF561CJV-3db42882" start="1745681615760" dump="1745681617016"/><sessioninfo id="WIN-PF561CJV-257fdbfe" start="1745681776943" dump="1745681778107"/><sessioninfo id="WIN-PF561CJV-efcced89" start="1745681900885" dump="1745681902230"/><sessioninfo id="WIN-PF561CJV-92c45093" start="1745682397193" dump="1745682398359"/><sessioninfo id="WIN-PF561CJV-fd48022a" start="1745683161817" dump="1745683162944"/><sessioninfo id="WIN-PF561CJV-95e8b801" start="1745683197342" dump="1745683198554"/><sessioninfo id="WIN-PF561CJV-4c0f36f8" start="1745683253768" dump="1745683254915"/><sessioninfo id="WIN-PF561CJV-619dc6d9" start="1745683477935" dump="1745683479265"/><sessioninfo id="WIN-PF561CJV-5c23fa9c" start="1745684887936" dump="1745684889109"/><sessioninfo id="WIN-PF561CJV-35f15a6" start="1745685047862" dump="1745685049113"/><sessioninfo id="WIN-PF561CJV-11238d77" start="1745685201085" dump="1745685202402"/><sessioninfo id="WIN-PF561CJV-1db15669" start="1745685378313" dump="1745685379621"/><sessioninfo id="WIN-PF561CJV-77853071" start="1745685409429" dump="1745685411417"/><sessioninfo id="WIN-PF561CJV-5e1a54e" start="1745685430309" dump="1745685431452"/><sessioninfo id="WIN-PF561CJV-5e81b955" start="1745685747674" dump="1745685748921"/><sessioninfo id="WIN-PF561CJV-1e4190cf" start="1745685773363" dump="1745685774456"/><sessioninfo id="WIN-PF561CJV-7a763a1" start="1745685801197" dump="1745685802185"/><sessioninfo id="WIN-PF561CJV-69b3a217" start="1745685824889" dump="1745685826762"/><sessioninfo id="WIN-PF561CJV-7a8b5335" start="1745685851707" dump="1745685852603"/><sessioninfo id="WIN-PF561CJV-c4e0a04a" start="1745686270822" dump="1745686271812"/><sessioninfo id="WIN-PF561CJV-5118b216" start="1745686338968" dump="1745686339881"/><sessioninfo id="WIN-PF561CJV-2e66045a" start="1745686354230" dump="1745686355312"/><sessioninfo id="WIN-PF561CJV-10b74391" start="1745687913370" dump="1745687914293"/><sessioninfo id="WIN-PF561CJV-ef70fe24" start="1745688106786" dump="1745688107801"/><sessioninfo id="WIN-PF561CJV-2b9909cb" start="1745689793482" dump="1745689794722"/><sessioninfo id="WIN-PF561CJV-66e5893f" start="1745689947516" dump="1745689948413"/><sessioninfo id="WIN-PF561CJV-759d3b8f" start="1745690452768" dump="1745690454058"/><sessioninfo id="WIN-PF561CJV-3453f546" start="1745691491219" dump="1745691492501"/><sessioninfo id="WIN-PF561CJV-1c5d7333" start="1745691537608" dump="1745691538642"/><sessioninfo id="WIN-PF561CJV-3ec8d383" start="1745691973679" dump="1745691974991"/><sessioninfo id="WIN-PF561CJV-f6ddc946" start="1745692038775" dump="1745692040166"/><sessioninfo id="debian-74af4566" start="1745766836022" dump="1745766837306"/><sessioninfo id="debian-d78c3fdf" start="1745767088947" dump="1745767090058"/><sessioninfo id="debian-bb823912" start="1745767156435" dump="1745767157431"/><sessioninfo id="debian-5ba28b8e" start="1745767297133" dump="1745767298350"/><sessioninfo id="debian-48a0d6b4" start="1745767340640" dump="1745767341767"/><sessioninfo id="debian-a56e0bb" start="1745767373931" dump="1745767374946"/><sessioninfo id="debian-39e4e17" start="1745767636681" dump="1745767637714"/><sessioninfo id="debian-4861964c" start="1745767940374" dump="1745767941355"/><sessioninfo id="debian-29620e9e" start="1745767953994" dump="1745767954908"/><sessioninfo id="debian-ff48c76c" start="1745767976197" dump="1745767977225"/><sessioninfo id="debian-bb73ed5b" start="1745768012134" dump="1745768013448"/><sessioninfo id="debian-3979b710" start="1745768109445" dump="1745768110512"/><sessioninfo id="debian-de5a4ee8" start="1745768146445" dump="1745768147515"/><sessioninfo id="debian-e6ec6db2" start="1745768175543" dump="1745768176640"/><sessioninfo id="debian-a612a29e" start="1745768201353" dump="1745768202262"/><sessioninfo id="debian-9bf508c9" start="1745768364377" dump="1745768365486"/><sessioninfo id="debian-828c6c8e" start="1745768385509" dump="1745768386456"/><sessioninfo id="debian-b688e8c2" start="1745768402192" dump="1745768403169"/><sessioninfo id="debian-4d3722bc" start="1745768425199" dump="1745768426249"/><sessioninfo id="debian-6b8f2383" start="1745768433994" dump="1745768435026"/><sessioninfo id="debian-2b0d47a5" start="1745768451333" dump="1745768452456"/><sessioninfo id="debian-520cc4af" start="1745768500775" dump="1745768501728"/><sessioninfo id="debian-83ceb64a" start="1745798107577" dump="1745798108837"/><sessioninfo id="debian-7f9bf9a8" start="1745798156849" dump="1745798157918"/><sessioninfo id="debian-5f480bfc" start="1745798672549" dump="1745798673585"/><sessioninfo id="debian-e79c277a" start="1745798696308" dump="1745798697489"/><sessioninfo id="debian-d2bee682" start="1745798707385" dump="1745798708468"/><sessioninfo id="debian-7998c78c" start="1745798774687" dump="1745798775894"/><sessioninfo id="debian-5d1fa10e" start="1745798948684" dump="1745798949717"/><sessioninfo id="debian-6d79b69" start="1745799113692" dump="1745799114693"/><sessioninfo id="debian-435ca7af" start="1745799152517" dump="1745799153515"/><sessioninfo id="debian-a179175c" start="1745799200750" dump="1745799201842"/><sessioninfo id="debian-e40b538c" start="1745799482796" dump="1745799483893"/><sessioninfo id="debian-f8e34e45" start="1745799580552" dump="1745799581513"/><sessioninfo id="debian-37f271bf" start="1745799604908" dump="1745799605904"/><sessioninfo id="debian-50e24f13" start="1745799615808" dump="1745799616872"/><sessioninfo id="debian-d15e78fe" start="1745799633264" dump="1745799634337"/><sessioninfo id="debian-f30c5e1f" start="1745799640461" dump="1745799641451"/><sessioninfo id="debian-f414bd4" start="1745799665527" dump="1745799666650"/><sessioninfo id="debian-1879c4b9" start="1745799709959" dump="1745799710981"/><sessioninfo id="debian-68b47d98" start="1745799726628" dump="1745799727832"/><sessioninfo id="debian-7f43a331" start="1745799817146" dump="1745799818210"/><sessioninfo id="debian-75cef35d" start="1745799858574" dump="1745799859584"/><package name="aed"><class name="aed/ListaEnlazada" sourcefilename="ListaEnlazada.java"><method name="&lt;init&gt;" desc="()V" line="23"><counter type="INSTRUCTION" missed="0" covered="6"/><counter type="LINE" missed="0" covered="3"/><counter type="COMPLEXITY" missed="0" covered="1"/><counter type="METHOD" missed="0" covered="1"/></method><method name="longitud" desc="()I" line="29"><counter type="INSTRUCTION" missed="0" covered="14"/><counter type="BRANCH" missed="0" covered="2"/><counter type="LINE" missed="0" covered="6"/><counter type="COMPLEXITY" missed="0" covered="2"/><counter type="METHOD" missed="0" covered="1"/></method><method name="agregarAdelante" desc="(Ljava/lang/Object;)V" line="40"><counter type="INSTRUCTION" missed="0" covered="21"/><counter type="BRANCH" missed="0" covered="2"/><counter type="LINE" missed="0" covered="6"/><counter type="COMPLEXITY" missed="0" covered="2"/><counter type="METHOD" missed="0" covered="1"/></method><method name="agregarAtras" desc="(Ljava/lang/Object;)V" line="50"><counter type="INSTRUCTION" missed="0" covered="30"/><counter type="BRANCH" missed="0" covered="4"/><counter type="LINE" missed="0" covered="9"/><counter type="COMPLEXITY" missed="0" covered="3"/><counter type="METHOD" missed="0" covered="1"/></method><method name="obtener" desc="(I)Ljava/lang/Object;" line="65"><counter type="INSTRUCTION" missed="0" covered="18"/><counter type="BRANCH" missed="1" covered="3"/><counter type="LINE" missed="0" covered="6"/><counter type="COMPLEXITY" missed="1" covered="2"/><counter type="METHOD" missed="0" covered="1"/></method><method name="eliminar" desc="(I)V" line="76"><counter type="INSTRUCTION" missed="0" covered="46"/><counter type="BRANCH" missed="2" covered="10"/><counter type="LINE" missed="0" covered="14"/><counter type="COMPLEXITY" missed="2" covered="5"/><counter type="METHOD" missed="0" covered="1"/></method><method name="modificarPosicion" desc="(ILjava/lang/Object;)V" line="99"><counter type="INSTRUCTION" missed="0" covered="19"/><counter type="BRANCH" missed="1" covered="3"/><counter type="LINE" missed="0" covered="7"/><counter type="COMPLEXITY" missed="1" covered="2"/><counter type="METHOD" missed="0" covered="1"/></method><method name="&lt;init&gt;" desc="(Laed/ListaEnlazada;)V" line="109"><counter type="INSTRUCTION" missed="4" covered="39"/><counter type="BRANCH" missed="1" covered="3"/><counter type="LINE" missed="1" covered="10"/><counter type="COMPLEXITY" missed="1" covered="2"/><counter type="METHOD" missed="0" covered="1"/></method><method name="toString" desc="()Ljava/lang/String;" line="126"><counter type="INSTRUCTION" missed="0" covered="22"/><counter type="BRANCH" missed="0" covered="2"/><counter type="LINE" missed="0" covered="6"/><counter type="COMPLEXITY" missed="0" covered="2"/><counter type="METHOD" missed="0" covered="1"/></method><method name="iterador" desc="()Laed/Iterador;" line="184"><counter type="INSTRUCTION" missed="0" covered="8"/><counter type="LINE" missed="0" covered="1"/><counter type="COMPLEXITY" missed="0" covered="1"/><counter type="METHOD" missed="0" covered="1"/></method><counter type="INSTRUCTION" missed="4" covered="223"/><counter type="BRANCH" missed="5" covered="29"/><counter type="LINE" missed="1" covered="68"/><counter type="COMPLEXITY" missed="5" covered="22"/><counter type="METHOD" missed="0" covered="10"/><counter type="CLASS" missed="0" covered="1"/></class><class name="aed/ListaEnlazada$ListaIterador" sourcefilename="ListaEnlazada.java"><method name="&lt;init&gt;" desc="(Laed/ListaEnlazada;Laed/ListaEnlazada$Nodo;)V" line="140"><counter type="INSTRUCTION" missed="0" covered="12"/><counter type="LINE" missed="0" covered="4"/><counter type="COMPLEXITY" missed="0" covered="1"/><counter type="METHOD" missed="0" covered="1"/></method><method name="haySiguiente" desc="()Z" line="147"><counter type="INSTRUCTION" missed="0" covered="18"/><counter type="BRANCH" missed="0" covered="6"/><counter type="LINE" missed="0" covered="3"/><counter type="COMPLEXITY" missed="0" covered="4"/><counter type="METHOD" missed="0" covered="1"/></method><method name="hayAnterior" desc="()Z" line="155"><counter type="INSTRUCTION" missed="0" covered="7"/><counter type="BRANCH" missed="0" covered="2"/><counter type="LINE" missed="0" covered="1"/><counter type="COMPLEXITY" missed="0" covered="2"/><counter type="METHOD" missed="0" covered="1"/></method><method name="siguiente" desc="()Ljava/lang/Object;" line="160"><counter type="INSTRUCTION" missed="4" covered="20"/><counter type="BRANCH" missed="1" covered="3"/><counter type="LINE" missed="1" covered="5"/><counter type="COMPLEXITY" missed="1" covered="2"/><counter type="METHOD" missed="0" covered="1"/></method><method name="anterior" desc="()Ljava/lang/Object;" line="173"><counter type="INSTRUCTION" missed="4" covered="14"/><counter type="BRANCH" missed="1" covered="1"/><counter type="LINE" missed="1" covered="4"/><counter type="COMPLEXITY" missed="1" covered="1"/><counter type="METHOD" missed="0" covered="1"/></method><counter type="INSTRUCTION" missed="8" covered="71"/><counter type="BRANCH" missed="2" covered="12"/><counter type="LINE" missed="2" covered="17"/><counter type="COMPLEXITY" missed="2" covered="10"/><counter type="METHOD" missed="0" covered="5"/><counter type="CLASS" missed="0" covered="1"/></class><class name="aed/Secuencia" sourcefilename="Secuencia.java"/><class name="aed/Iterador" sourcefilename="Iterador.java"/><class name="aed/ListaEnlazada$Nodo" sourcefilename="ListaEnlazada.java"><method name="&lt;init&gt;" desc="(Laed/ListaEnlazada;Ljava/lang/Object;)V" line="16"><counter type="INSTRUCTION" missed="0" covered="15"/><counter type="LINE" missed="0" covered="5"/><counter type="COMPLEXITY" missed="0" covered="1"/><counter type="METHOD" missed="0" covered="1"/></method><counter type="INSTRUCTION" missed="0" covered="15"/><counter type="LINE" missed="0" covered="5"/><counter type="COMPLEXITY" missed="0" covered="1"/><counter type="METHOD" missed="0" covered="1"/><counter type="CLASS" missed="0" covered="1"/></class><sourcefile name="ListaEnlazada.java"><line nr="16" mi="0" ci="5" mb="0" cb="0"/><line nr="17" mi="0" ci="3" mb="0" cb="0"/><line nr="18" mi="0" ci="3" mb="0" cb="0"/><line nr="19" mi="0" ci="3" mb="0" cb="0"/><line nr="20" mi="0" ci="1" mb="0" cb="0"/><line nr="23" mi="0" ci="2" mb="0" cb="0"/><line nr="24" mi="0" ci="3" mb="0" cb="0"/><line nr="25" mi="0" ci="1" mb="0" cb="0"/><line nr="29" mi="0" ci="2" mb="0" cb="0"/><line nr="30" mi="0" ci="3" mb="0" cb="0"/><line nr="31" mi="0" ci="2" mb="0" cb="2"/><line nr="32" mi="0" ci="1" mb="0" cb="0"/><line nr="33" mi="0" ci="4" mb="0" cb="0"/><line nr="35" mi="0" ci="2" mb="0" cb="0"/><line nr="40" mi="0" ci="6" mb="0" cb="0"/><line nr="41" mi="0" ci="3" mb="0" cb="2"/><line nr="42" mi="0" ci="4" mb="0" cb="0"/><line nr="43" mi="0" ci="4" mb="0" cb="0"/><line nr="45" mi="0" ci="3" mb="0" cb="0"/><line nr="46" mi="0" ci="1" mb="0" cb="0"/><line nr="50" mi="0" ci="6" mb="0" cb="0"/><line nr="51" mi="0" ci="3" mb="0" cb="2"/><line nr="52" mi="0" ci="4" mb="0" cb="0"/><line nr="54" mi="0" ci="3" mb="0" cb="0"/><line nr="55" mi="0" ci="3" mb="0" cb="2"/><line nr="56" mi="0" ci="4" mb="0" cb="0"/><line nr="58" mi="0" ci="3" mb="0" cb="0"/><line nr="59" mi="0" ci="3" mb="0" cb="0"/><line nr="61" mi="0" ci="1" mb="0" cb="0"/><line nr="65" mi="0" ci="3" mb="0" cb="0"/><line nr="66" mi="0" ci="2" mb="0" cb="0"/><line nr="67" mi="0" ci="5" mb="1" cb="3"/><line nr="68" mi="0" ci="3" mb="0" cb="0"/><line nr="69" mi="0" ci="2" mb="0" cb="0"/><line nr="71" mi="0" ci="3" mb="0" cb="0"/><line nr="76" mi="0" ci="3" mb="0" cb="0"/><line nr="77" mi="0" ci="2" mb="0" cb="0"/><line nr="78" mi="0" ci="5" mb="1" cb="3"/><line nr="79" mi="0" ci="3" mb="0" cb="0"/><line nr="80" mi="0" ci="2" mb="0" cb="0"/><line nr="82" mi="0" ci="2" mb="0" cb="2"/><line nr="83" mi="0" ci="4" mb="0" cb="0"/><line nr="84" mi="0" ci="3" mb="0" cb="2"/><line nr="85" mi="0" ci="5" mb="0" cb="0"/><line nr="88" mi="0" ci="3" mb="0" cb="2"/><line nr="89" mi="0" ci="5" mb="0" cb="0"/><line nr="91" mi="0" ci="3" mb="1" cb="1"/><line nr="92" mi="0" ci="5" mb="0" cb="0"/><line nr="95" mi="0" ci="1" mb="0" cb="0"/><line nr="99" mi="0" ci="3" mb="0" cb="0"/><line nr="100" mi="0" ci="2" mb="0" cb="0"/><line nr="101" mi="0" ci="5" mb="1" cb="3"/><line nr="102" mi="0" ci="3" mb="0" cb="0"/><line nr="103" mi="0" ci="2" mb="0" cb="0"/><line nr="105" mi="0" ci="3" mb="0" cb="0"/><line nr="106" mi="0" ci="1" mb="0" cb="0"/><line nr="109" mi="0" ci="2" mb="0" cb="0"/><line nr="110" mi="0" ci="3" mb="1" cb="1"/><line nr="111" mi="4" ci="0" mb="0" cb="0"/><line nr="113" mi="0" ci="9" mb="0" cb="0"/><line nr="114" mi="0" ci="3" mb="0" cb="0"/><line nr="115" mi="0" ci="4" mb="0" cb="0"/><line nr="116" mi="0" ci="2" mb="0" cb="2"/><line nr="117" mi="0" ci="8" mb="0" cb="0"/><line nr="118" mi="0" ci="3" mb="0" cb="0"/><line nr="119" mi="0" ci="4" mb="0" cb="0"/><line nr="122" mi="0" ci="1" mb="0" cb="0"/><line nr="126" mi="0" ci="4" mb="0" cb="0"/><line nr="127" mi="0" ci="3" mb="0" cb="0"/><line nr="128" mi="0" ci="2" mb="0" cb="2"/><line nr="129" mi="0" ci="6" mb="0" cb="0"/><line nr="130" mi="0" ci="4" mb="0" cb="0"/><line nr="132" mi="0" ci="3" mb="0" cb="0"/><line nr="140" mi="0" ci="5" mb="0" cb="0"/><line nr="141" mi="0" ci="3" mb="0" cb="0"/><line nr="142" mi="0" ci="3" mb="0" cb="0"/><line nr="143" mi="0" ci="1" mb="0" cb="0"/><line nr="147" mi="0" ci="3" mb="0" cb="2"/><line nr="148" mi="0" ci="7" mb="0" cb="2"/><line nr="150" mi="0" ci="8" mb="0" cb="2"/><line nr="155" mi="0" ci="7" mb="0" cb="2"/><line nr="160" mi="0" ci="3" mb="1" cb="1"/><line nr="161" mi="4" ci="0" mb="0" cb="0"/><line nr="163" mi="0" ci="3" mb="0" cb="2"/><line nr="164" mi="0" ci="5" mb="0" cb="0"/><line nr="166" mi="0" ci="5" mb="0" cb="0"/><line nr="168" mi="0" ci="4" mb="0" cb="0"/><line nr="173" mi="0" ci="3" mb="1" cb="1"/><line nr="174" mi="4" ci="0" mb="0" cb="0"/><line nr="176" mi="0" ci="4" mb="0" cb="0"/><line nr="177" mi="0" ci="5" mb="0" cb="0"/><line nr="178" mi="0" ci="2" mb="0" cb="0"/><line nr="184" mi="0" ci="8" mb="0" cb="0"/><counter type="INSTRUCTION" missed="12" covered="309"/><counter type="BRANCH" missed="7" covered="41"/><counter type="LINE" missed="3" covered="90"/><counter type="COMPLEXITY" missed="7" covered="33"/><counter type="METHOD" missed="0" covered="16"/><counter type="CLASS" missed="0" covered="3"/></sourcefile><sourcefile name="Secuencia.java"/><sourcefile name="Iterador.java"/><counter type="INSTRUCTION" missed="12" covered="309"/><counter type="BRANCH" missed="7" covered="41"/><counter type="LINE" missed="3" covered="90"/><counter type="COMPLEXITY" missed="7" covered="33"/><counter type="METHOD" missed="0" covered="16"/><counter type="CLASS" missed="0" covered="3"/></package><counter type="INSTRUCTION" missed="12" covered="309"/><counter type="BRANCH" missed="7" covered="41"/><counter type="LINE" missed="3" covered="90"/><counter type="COMPLEXITY" missed="7" covered="33"/><counter type="METHOD" missed="0" covered="16"/><counter type="CLASS" missed="0" covered="3"/></report>